\BOOKMARK [1][-]{section.1}{Zad\341n\355}{}
\BOOKMARK [1][-]{section.2}{Chatovac\355 protokol}{}
\BOOKMARK [2][-]{subsection.2.1}{Prihl\341\235en\355 a odhl\341\235en\355}{section.2}
\BOOKMARK [2][-]{subsection.2.2}{Form\341t vymenovan\375ch zpr\341v}{section.2}
\BOOKMARK [1][-]{section.3}{Implementace}{}
\BOOKMARK [2][-]{subsection.3.1}{Server}{section.3}
\BOOKMARK [2][-]{subsection.3.2}{Datov\351 struktury}{section.3}
\BOOKMARK [1][-]{section.4}{Logov\341n\355}{}
\BOOKMARK [2][-]{subsection.4.1}{Hlavn\355 log}{section.4}
\BOOKMARK [2][-]{subsection.4.2}{Statistika}{section.4}
\BOOKMARK [1][-]{section.5}{Pou\236it\351 n\341stroje a prostred\355}{}
\BOOKMARK [1][-]{section.6}{U\236ivatelk\341 pr\355rucka}{}
\BOOKMARK [2][-]{subsection.6.1}{Server}{section.6}
\BOOKMARK [3][-]{subsubsection.6.1.1}{Prelo\236en\355}{subsection.6.1}
\BOOKMARK [3][-]{subsubsection.6.1.2}{Spu\235ten\355}{subsection.6.1}
\BOOKMARK [3][-]{subsubsection.6.1.3}{Ovl\341d\341n\355}{subsection.6.1}
\BOOKMARK [2][-]{subsection.6.2}{Klient}{section.6}
\BOOKMARK [3][-]{subsubsection.6.2.1}{Prelo\236en\355}{subsection.6.2}
\BOOKMARK [3][-]{subsubsection.6.2.2}{Spu\235ten\355}{subsection.6.2}
\BOOKMARK [3][-]{subsubsection.6.2.3}{Ovl\341d\341n\355}{subsection.6.2}
